SF:lib/features/account_detail/api/account_detail_service.dart
DA:8,5
DA:9,5
DA:11,10
DA:14,2
DA:17,2
LF:5
LH:5
end_of_record
SF:lib/features/account_detail/api/account_detail_service_response_model.dart
DA:15,3
DA:16,3
DA:17,3
DA:18,3
DA:19,3
DA:20,3
DA:21,3
DA:22,3
DA:23,3
DA:25,1
DA:26,1
DA:27,1
DA:28,1
DA:29,1
DA:30,1
DA:31,1
DA:32,1
DA:33,1
DA:34,1
LF:19
LH:19
end_of_record
SF:lib/example_locator.dart
DA:4,0
DA:6,0
DA:9,10
DA:11,10
DA:12,10
LF:5
LH:3
end_of_record
SF:lib/features/account_detail/bloc/account_detail_bloc.dart
DA:11,2
DA:13,4
DA:16,3
DA:17,15
DA:18,15
LF:5
LH:5
end_of_record
SF:lib/features/account_detail/model/account_detail_view_model.dart
DA:14,3
DA:23,0
LF:2
LH:1
end_of_record
SF:lib/features/account_detail/bloc/account_detail_usecase.dart
DA:13,3
DA:14,0
DA:17,3
DA:18,12
DA:19,3
DA:20,3
DA:21,6
DA:22,3
DA:23,6
DA:25,0
DA:28,6
DA:29,3
DA:30,9
DA:33,3
DA:34,9
DA:37,3
DA:38,3
DA:39,3
DA:40,3
DA:41,3
DA:42,3
DA:43,3
DA:44,3
DA:45,3
DA:46,3
LF:25
LH:23
end_of_record
SF:lib/features/account_detail/bloc/account_detail_service_adapter.dart
DA:9,12
DA:11,2
DA:14,2
DA:15,2
DA:16,2
DA:17,2
DA:18,2
DA:19,2
DA:20,2
DA:21,2
DA:22,2
LF:11
LH:11
end_of_record
SF:lib/features/account_detail/model/account_detail_entity.dart
DA:13,4
DA:27,4
DA:29,1
DA:30,1
DA:31,1
DA:32,1
DA:33,1
DA:34,1
DA:35,1
DA:36,1
DA:37,1
DA:38,1
DA:39,1
DA:42,2
DA:53,2
DA:54,0
DA:55,2
DA:56,2
DA:57,2
DA:58,2
DA:59,2
DA:60,2
DA:61,2
DA:62,2
DA:65,0
DA:67,0
LF:26
LH:23
end_of_record
SF:lib/features/account_detail/ui/account_detail_presenter.dart
DA:10,2
DA:12,4
DA:15,2
DA:18,2
DA:20,0
DA:21,0
DA:26,0
DA:27,0
LF:8
LH:4
end_of_record
SF:lib/features/account_detail/ui/account_detail_widget.dart
DA:7,2
DA:9,2
DA:10,0
DA:11,2
LF:4
LH:3
end_of_record
SF:lib/features/account_detail/ui/account_detail_screen.dart
DA:10,2
DA:12,2
DA:14,2
DA:16,2
DA:18,2
DA:19,2
DA:20,2
DA:22,2
DA:23,2
DA:27,0
DA:28,0
DA:30,2
DA:32,2
DA:34,2
DA:35,2
DA:36,4
DA:38,2
DA:39,6
DA:40,2
DA:45,2
DA:46,2
DA:48,2
DA:49,2
DA:50,2
DA:51,2
DA:52,8
DA:53,2
DA:54,2
DA:58,2
DA:60,2
DA:61,2
DA:62,2
DA:63,10
DA:64,2
DA:69,2
DA:71,2
DA:72,2
DA:73,2
DA:74,6
DA:79,2
DA:81,2
DA:82,4
DA:83,10
DA:84,2
DA:85,2
DA:90,2
DA:92,2
DA:93,4
DA:94,10
DA:95,2
DA:99,2
DA:104,2
DA:106,2
DA:107,8
DA:108,2
DA:112,2
DA:114,2
DA:115,2
DA:116,8
DA:117,2
DA:121,2
DA:123,2
DA:124,8
DA:125,2
DA:126,2
DA:128,2
DA:142,2
DA:143,2
DA:144,6
DA:145,2
DA:147,0
DA:148,0
LF:72
LH:68
end_of_record
SF:lib/features/cash_accounts/api/cash_accounts_service.dart
DA:7,10
DA:9,10
DA:13,2
DA:15,2
LF:4
LH:4
end_of_record
SF:lib/features/cash_accounts/api/cash_accounts_service_response_model.dart
DA:11,3
DA:12,3
DA:13,3
DA:14,3
DA:16,1
DA:17,4
LF:6
LH:6
end_of_record
SF:lib/features/cash_accounts/bloc/cash_accounts_bloc.dart
DA:11,2
DA:13,4
DA:16,3
DA:17,15
DA:18,15
LF:5
LH:5
end_of_record
SF:lib/features/cash_accounts/model/cash_accounts_view_model.dart
DA:9,3
DA:13,0
LF:2
LH:1
end_of_record
SF:lib/features/cash_accounts/bloc/cash_accounts_usecase.dart
DA:13,3
DA:15,3
DA:16,12
DA:17,3
DA:18,3
DA:19,6
DA:20,3
DA:21,6
DA:23,0
DA:26,6
DA:27,3
DA:28,9
DA:31,3
DA:32,9
DA:35,3
DA:36,3
DA:37,3
DA:38,3
DA:39,3
LF:19
LH:18
end_of_record
SF:lib/features/cash_accounts/bloc/cash_accounts_service_adapter.dart
DA:9,12
DA:11,2
DA:14,2
DA:15,2
DA:16,2
DA:17,2
LF:6
LH:6
end_of_record
SF:lib/features/cash_accounts/model/cash_accounts_entity.dart
DA:8,4
DA:15,4
DA:17,1
DA:18,1
DA:19,4
DA:22,2
DA:24,2
DA:25,0
DA:26,2
DA:27,2
DA:28,2
DA:32,0
DA:34,0
LF:13
LH:10
end_of_record
SF:lib/features/cash_accounts/ui/cash_accounts_presenter.dart
DA:12,2
DA:14,4
DA:17,2
DA:20,2
DA:22,0
DA:23,0
DA:27,0
DA:28,0
DA:30,0
DA:31,0
DA:32,0
LF:11
LH:4
end_of_record
SF:lib/features/cash_accounts/ui/cash_accounts_screen.dart
DA:11,2
DA:13,2
DA:15,2
DA:17,2
DA:19,2
DA:20,2
DA:21,2
DA:23,2
DA:25,2
DA:28,2
DA:29,2
DA:30,2
DA:32,2
DA:33,2
DA:34,6
DA:35,0
DA:36,0
DA:48,2
DA:51,2
DA:55,2
DA:57,2
DA:59,2
DA:60,2
DA:62,2
DA:64,2
DA:66,2
DA:68,2
DA:69,2
DA:70,2
DA:71,2
DA:72,2
DA:73,2
DA:74,14
DA:75,2
DA:83,2
DA:84,2
DA:86,2
DA:87,2
DA:89,2
DA:91,2
DA:92,8
DA:93,2
DA:95,2
LF:43
LH:41
end_of_record
SF:lib/features/cash_accounts/ui/cash_accounts_widget.dart
DA:7,2
DA:9,2
DA:10,0
DA:11,2
LF:4
LH:3
end_of_record
