SF:lib/features/billpay/api/billpay_service_response_model.dart
DA:9,1
DA:12,0
DA:13,0
LF:3
LH:1
end_of_record
SF:lib/features/billpay/bloc/billpay_service_adapter.dart
DA:10,3
DA:12,0
DA:14,0
DA:17,1
DA:22,2
LF:5
LH:3
end_of_record
SF:lib/features/billpay/model/billpay_entity.dart
DA:6,3
DA:9,3
DA:11,1
DA:12,2
DA:14,1
DA:16,1
DA:17,1
DA:21,0
DA:23,0
LF:9
LH:7
end_of_record
SF:lib/features/billpay/api/billpay_request_model.dart
DA:7,0
DA:9,0
DA:11,0
DA:14,0
DA:15,0
LF:5
LH:0
end_of_record
SF:lib/features/billpay/api/billpay_service.dart
DA:9,2
DA:10,2
DA:12,4
DA:16,0
DA:18,0
LF:5
LH:3
end_of_record
SF:lib/locator.dart
DA:4,0
DA:6,3
DA:9,17
DA:11,17
DA:12,17
LF:5
LH:4
end_of_record
SF:lib/features/billpay/bloc/billpay_bloc.dart
DA:13,1
DA:15,2
DA:16,2
DA:17,2
DA:20,2
DA:21,2
DA:22,8
DA:23,10
DA:24,6
DA:25,8
DA:28,0
DA:29,0
DA:32,0
DA:33,0
LF:14
LH:10
end_of_record
SF:lib/features/billpay/model/billpay_view_model.dart
DA:3,68
DA:4,68
DA:11,2
DA:15,0
LF:4
LH:3
end_of_record
SF:lib/features/billpay/bloc/billpay_usecase.dart
DA:14,2
DA:15,0
DA:18,2
DA:19,8
DA:20,2
DA:21,2
DA:22,4
DA:23,2
DA:24,4
DA:26,3
DA:28,8
DA:29,6
DA:32,0
DA:33,0
DA:34,0
DA:35,0
DA:38,0
DA:39,0
DA:40,0
DA:43,0
DA:44,0
DA:47,2
DA:48,4
DA:51,0
DA:52,0
DA:53,0
DA:58,0
DA:59,0
DA:60,0
DA:65,0
DA:66,0
DA:67,0
DA:68,0
DA:69,0
DA:72,0
DA:73,0
LF:36
LH:13
end_of_record
SF:lib/features/billpay/ui/billpay_presenter.dart
DA:13,1
DA:15,2
DA:18,1
DA:21,3
DA:22,2
DA:23,0
DA:25,2
DA:26,2
DA:27,2
DA:28,0
DA:31,1
DA:33,0
DA:34,0
DA:36,0
DA:37,0
DA:42,0
DA:43,0
DA:45,0
DA:46,0
DA:47,0
DA:48,0
DA:49,0
DA:50,0
DA:51,0
DA:52,0
DA:53,0
DA:55,0
DA:62,0
DA:63,0
DA:65,0
DA:66,0
DA:67,0
DA:68,0
DA:69,0
DA:70,0
DA:71,0
DA:72,0
DA:73,0
DA:75,0
LF:39
LH:9
end_of_record
SF:lib/features/billpay/ui/billpay_screen.dart
DA:11,1
DA:17,1
DA:19,1
DA:20,1
DA:22,1
DA:24,1
DA:26,1
DA:27,1
DA:28,1
DA:29,0
DA:30,0
DA:34,1
DA:35,1
DA:36,1
DA:37,1
DA:38,1
DA:40,1
DA:41,1
DA:45,1
DA:47,1
DA:48,1
DA:49,1
DA:50,1
DA:51,1
DA:62,1
DA:67,1
DA:73,1
DA:75,1
DA:76,1
DA:77,1
DA:78,1
DA:79,1
DA:80,1
DA:81,2
DA:82,1
DA:84,1
DA:86,1
DA:87,0
DA:91,1
DA:92,1
DA:94,1
DA:97,1
DA:98,1
DA:99,0
DA:100,0
DA:101,0
DA:103,1
DA:110,1
DA:112,1
DA:116,1
DA:117,1
DA:127,0
DA:128,0
LF:53
LH:45
end_of_record
SF:lib/features/billpay/ui/billpay_widget.dart
DA:8,1
DA:10,1
DA:11,0
DA:12,1
LF:4
LH:3
end_of_record
SF:lib/features/account_detail/api/account_detail_service_response_model.dart
DA:15,1
DA:16,1
DA:17,1
DA:18,1
DA:19,1
DA:20,1
DA:21,1
DA:22,1
DA:23,1
DA:25,0
DA:26,0
DA:27,0
DA:28,0
DA:29,0
DA:30,0
DA:31,0
DA:32,0
DA:33,0
DA:34,0
LF:19
LH:9
end_of_record
SF:lib/features/account_detail/bloc/account_detail_service_adapter.dart
DA:9,12
DA:11,1
DA:14,1
DA:15,1
DA:16,1
DA:17,1
DA:18,1
DA:19,1
DA:20,1
DA:21,1
DA:22,1
LF:11
LH:11
end_of_record
SF:lib/features/account_detail/model/account_detail_entity.dart
DA:13,4
DA:27,4
DA:29,1
DA:30,1
DA:31,1
DA:32,1
DA:33,1
DA:34,1
DA:35,1
DA:36,1
DA:37,1
DA:38,1
DA:39,1
DA:42,3
DA:53,3
DA:54,0
DA:55,3
DA:56,3
DA:57,3
DA:58,3
DA:59,3
DA:60,3
DA:61,3
DA:62,3
DA:65,0
DA:67,0
LF:26
LH:23
end_of_record
SF:lib/features/account_detail/api/account_detail_service.dart
DA:8,5
DA:9,5
DA:11,10
DA:14,0
DA:17,0
LF:5
LH:3
end_of_record
SF:lib/features/account_detail/bloc/account_detail_bloc.dart
DA:11,2
DA:13,4
DA:16,3
DA:17,15
DA:18,15
LF:5
LH:5
end_of_record
SF:lib/features/account_detail/model/account_detail_view_model.dart
DA:14,3
DA:23,0
LF:2
LH:1
end_of_record
SF:lib/features/account_detail/bloc/account_detail_usecase.dart
DA:14,3
DA:15,0
DA:18,3
DA:19,12
DA:20,3
DA:21,3
DA:22,12
DA:23,3
DA:25,0
DA:28,6
DA:29,3
DA:30,9
DA:33,3
DA:34,9
DA:37,3
DA:38,3
DA:39,3
DA:40,3
DA:41,3
DA:42,3
DA:43,3
DA:44,3
DA:45,3
DA:46,3
LF:24
LH:22
end_of_record
SF:lib/features/account_detail/ui/account_detail_presenter.dart
DA:10,2
DA:12,4
DA:15,2
DA:18,2
DA:20,0
DA:21,0
DA:26,0
DA:27,0
LF:8
LH:4
end_of_record
SF:lib/features/account_detail/ui/account_detail_screen.dart
DA:10,2
DA:11,2
DA:13,2
DA:15,2
DA:17,2
DA:18,2
DA:20,2
DA:21,2
DA:25,0
DA:26,0
DA:28,2
DA:30,2
DA:32,2
DA:33,2
DA:34,4
DA:36,2
DA:37,6
DA:38,2
DA:43,2
DA:44,2
DA:46,2
DA:47,2
DA:48,2
DA:49,2
DA:50,8
DA:51,2
DA:52,2
DA:56,2
DA:58,2
DA:59,4
DA:60,12
DA:65,2
DA:67,12
DA:71,2
DA:73,2
DA:74,4
DA:75,14
DA:80,2
DA:82,2
DA:83,4
DA:84,12
DA:88,2
DA:93,2
DA:95,2
DA:96,10
DA:100,2
DA:102,2
DA:103,12
DA:107,2
DA:109,2
DA:110,10
DA:111,2
DA:113,2
DA:125,2
DA:126,2
DA:127,8
DA:129,0
DA:130,0
LF:58
LH:54
end_of_record
SF:lib/features/account_detail/ui/account_detail_widget.dart
DA:7,2
DA:9,2
DA:10,0
DA:11,2
LF:4
LH:3
end_of_record
SF:lib/features/cash_accounts/api/cash_accounts_service_response_model.dart
DA:11,1
DA:12,1
DA:13,1
DA:14,1
DA:16,0
DA:17,0
LF:6
LH:4
end_of_record
SF:lib/features/cash_accounts/bloc/cash_accounts_service_adapter.dart
DA:9,12
DA:11,1
DA:14,1
DA:15,1
DA:16,1
DA:17,1
LF:6
LH:6
end_of_record
SF:lib/features/cash_accounts/model/cash_accounts_entity.dart
DA:8,4
DA:15,4
DA:17,1
DA:18,1
DA:19,4
DA:22,3
DA:24,3
DA:25,0
DA:26,3
DA:27,3
DA:28,3
DA:32,0
DA:34,0
LF:13
LH:10
end_of_record
SF:lib/features/cash_accounts/api/cash_accounts_service.dart
DA:7,10
DA:9,10
DA:13,0
DA:15,0
LF:4
LH:2
end_of_record
SF:lib/features/cash_accounts/bloc/cash_accounts_bloc.dart
DA:11,2
DA:13,4
DA:16,3
DA:17,15
DA:18,15
LF:5
LH:5
end_of_record
SF:lib/features/cash_accounts/model/cash_accounts_view_model.dart
DA:9,3
DA:13,0
LF:2
LH:1
end_of_record
SF:lib/features/cash_accounts/bloc/cash_accounts_usecase.dart
DA:13,3
DA:15,3
DA:16,12
DA:17,3
DA:18,3
DA:19,6
DA:20,3
DA:21,6
DA:23,0
DA:26,6
DA:27,3
DA:28,9
DA:31,3
DA:32,9
DA:35,3
DA:36,3
DA:37,3
DA:38,3
DA:39,3
LF:19
LH:18
end_of_record
SF:lib/features/cash_accounts/ui/cash_accounts_presenter.dart
DA:13,2
DA:15,4
DA:18,2
DA:20,2
DA:22,0
DA:23,0
DA:28,0
DA:29,0
DA:31,0
DA:32,0
DA:33,0
LF:11
LH:4
end_of_record
SF:lib/features/cash_accounts/ui/cash_accounts_screen.dart
DA:12,2
DA:13,2
DA:15,2
DA:17,2
DA:19,2
DA:21,2
DA:22,2
DA:23,2
DA:24,2
DA:25,2
DA:27,0
DA:28,0
DA:37,2
DA:40,2
DA:44,2
DA:46,2
DA:48,2
DA:49,2
DA:51,2
DA:53,2
DA:55,2
DA:57,2
DA:58,2
DA:59,2
DA:60,2
DA:61,2
DA:62,2
DA:63,4
DA:64,2
DA:70,2
DA:71,8
DA:72,2
DA:79,2
DA:80,2
DA:82,2
DA:83,2
DA:85,2
DA:87,2
DA:88,8
DA:89,2
DA:90,2
LF:41
LH:39
end_of_record
SF:lib/features/cash_accounts/ui/cash_accounts_widget.dart
DA:8,2
DA:10,2
DA:11,0
DA:12,2
LF:4
LH:3
end_of_record
SF:lib/features/promos/ui/promos_presenter.dart
DA:9,1
DA:11,2
DA:14,1
DA:16,1
DA:18,1
DA:22,0
DA:23,0
DA:24,0
DA:26,0
LF:9
LH:5
end_of_record
SF:lib/features/promos/ui/promos_widget.dart
DA:7,1
DA:9,1
DA:10,2
DA:11,1
LF:4
LH:4
end_of_record
SF:lib/features/promos/api/promos_service.dart
DA:8,3
DA:9,3
DA:11,6
DA:15,0
DA:17,0
LF:5
LH:3
end_of_record
SF:lib/features/promos/api/promos_service_request_model.dart
DA:6,3
DA:8,3
DA:10,6
LF:3
LH:3
end_of_record
SF:lib/features/promos/api/promos_service_response_model.dart
DA:8,0
DA:9,0
DA:10,0
DA:12,0
DA:13,0
DA:15,0
LF:6
LH:0
end_of_record
SF:lib/features/promos/bloc/promos_bloc.dart
DA:11,2
DA:12,10
DA:13,10
DA:16,1
LF:4
LH:4
end_of_record
SF:lib/features/promos/bloc/promos_usecase.dart
DA:13,2
DA:14,0
DA:17,2
DA:18,8
DA:19,2
DA:20,2
DA:21,10
DA:23,0
DA:26,12
DA:29,2
DA:30,6
DA:33,2
DA:34,2
DA:35,2
DA:36,2
LF:15
LH:13
end_of_record
SF:lib/features/promos/models/promos_view_model.dart
DA:7,2
DA:11,0
DA:14,0
DA:15,0
LF:4
LH:1
end_of_record
SF:lib/features/promos/bloc/promos_service_adapter.dart
DA:8,6
DA:10,2
DA:11,2
DA:13,0
DA:15,0
DA:16,0
DA:17,0
LF:7
LH:3
end_of_record
SF:lib/features/promos/models/promos_entity.dart
DA:7,2
DA:11,2
DA:13,0
DA:14,0
DA:15,0
DA:16,0
DA:17,0
DA:20,2
DA:22,2
DA:23,0
DA:24,2
DA:25,2
DA:29,0
DA:31,0
DA:32,0
DA:33,0
DA:34,0
LF:17
LH:6
end_of_record
SF:lib/features/promos/ui/promos_screen.dart
DA:9,1
DA:11,1
DA:13,1
DA:14,0
DA:15,0
DA:17,1
DA:20,1
DA:21,1
DA:22,3
LF:9
LH:7
end_of_record
